Hello
Hello encore
Hello
Hello encore
Hello
Hello encore
Hello
Hello encore
Hello
Hello
123
Hello 123
Hello encore
0
Hello 123
Hello encore
1
Hello 123
Hello encore
2
Hello 123
Hello encore
3
Hello 123
Hello encore
5
Hello 123
Hello encore
5
Hello 123
Hello encore
6
6
6
6
6
Hello 123
Hello encore
30
32
34
32
30
32
34
Hello 123
Hello encore
0
1
2
3
4
5
5
5
5
Hello 123
Hello encore
0
0
1
1
Hello 123
Hello encore
0
1
2
2
2
2
3
4
3
2
1
0
0
0
Hello 123
Hello encore
0
1
1
35
1
2
Hello 123
Hello encore
0
0
33
Hello 123
Hello encore
0
1
1
35
Hello 123
Hello encore
0
1
2
3
4
4
4
5
5
5
4
3
2
2
Hello 123
Hello encore
0
1
2
2
Hello 123
Hello encore
0
1
1
Hello 123
Hello encore
Hello 123
Hello encore
0
1
2
2
Hello 123
Hello encore
Hello 123
Hello encore
Hello 123
Hello encore
Hello 123
Hello encore
Hello 123
Hello encore
Hello 123
Hello encore
Hello 123
Hello encore
Hello 123
Hello encore
Hello 123
Hello encore
Hello 123
Hello encore
Hello 123
Hello encore
0
1
2
3
4
5
4
3
2
1
0
0
1
1
Hello 123
Hello encore
0
0
Hello 123
Hello encore
0
1
1
Hello 123
Hello encore
0
0
Hello 123
Hello encore
0
0
posx 10 posy 10posx 11 posy 10Hello 123
Hello encore
0
0
posx 10 posy 10
posx 11 posy 10
posx 12 posy 10
posx 13 posy 10
posx 12 posy 10
posx 11 posy 10
posx 10 posy 10
posx 9 posy 10
posx 8 posy 10
posx 7 posy 10
posx 7 posy 9
posx 7 posy 8
posx 7 posy 7
posx 7 posy 6
posx 7 posy 5
posx 7 posy 4
posx 7 posy 3
posx 7 posy 2
posx 7 posy 1
posx 7 posy 1
posx 7 posy 1
posx 7 posy 1
posx 6 posy 1
posx 5 posy 1
posx 4 posy 1
posx 3 posy 1
posx 2 posy 1
posx 1 posy 1
posx 1 posy 1
posx 1 posy 2
posx 2 posy 2
posx 3 posy 2
posx 4 posy 2
posx 5 posy 2
posx 6 posy 2
posx 7 posy 2
posx 8 posy 2
posx 9 posy 2
posx 10 posy 2
posx 10 posy 1
posx 11 posy 1
posx 12 posy 1
posx 13 posy 1
posx 14 posy 1
posx 15 posy 1
posx 16 posy 1
posx 17 posy 1
posx 18 posy 1
posx 19 posy 1
posx 20 posy 1
posx 21 posy 1
posx 22 posy 1
posx 23 posy 1
posx 24 posy 1
posx 25 posy 1
posx 26 posy 1
posx 26 posy 1
posx 26 posy 1
posx 26 posy 1
posx 26 posy 1
posx 26 posy 1
posx 26 posy 1
posx 26 posy 1
posx 26 posy 1
posx 26 posy 1
posx 26 posy 1
posx 26 posy 1
posx 26 posy 1
posx 26 posy 1
posx 26 posy 1
posx 26 posy 1
posx 26 posy 1
posx 26 posy 1
posx 26 posy 1
posx 26 posy 1
posx 26 posy 1
Hello 123
Hello encore
0
0
posx 10 posy 10
posx 11 posy 10
posx 12 posy 10
posx 13 posy 10
posx 14 posy 10
posx 15 posy 10
posx 16 posy 10
posx 17 posy 10
posx 18 posy 10
posx 19 posy 10
posx 20 posy 10
posx 21 posy 10
posx 22 posy 10
posx 23 posy 10
posx 24 posy 10
posx 25 posy 10
posx 26 posy 10
posx 26 posy 10
posx 26 posy 10
posx 26 posy 10
helloposx 26 posy 10
helloposx 26 posy 10
helloposx 26 posy 10
helloposx 26 posy 10
helloposx 26 posy 10
helloposx 26 posy 10
helloposx 26 posy 10
helloposx 26 posy 10
helloposx 26 posy 10
helloposx 26 posy 10
helloposx 26 posy 10
helloposx 26 posy 10
helloHello 123
Hello encore
0
0
1
1
posx 10 posy 10
posx 11 posy 10
posx 12 posy 10
posx 13 posy 10
posx 14 posy 10
posx 15 posy 10
posx 15 posy 11
posx 15 posy 12
posx 16 posy 12
posx 17 posy 12
posx 18 posy 12
posx 19 posy 12
posx 20 posy 12
posx 21 posy 12
posx 22 posy 12
posx 23 posy 12
Hello 123
Hello encore
0
1
2
3
4
5
5
4
3
2
1
0
0
1
2
1
2
2
posx 10 posy 10
posx 11 posy 10
posx 12 posy 10
posx 13 posy 10
posx 14 posy 10
posx 15 posy 10
posx 15 posy 11
posx 16 posy 11
posx 17 posy 11
posx 18 posy 11
posx 19 posy 11
posx 20 posy 11
posx 21 posy 11
posx 22 posy 11
posx 23 posy 11
posx 24 posy 11
posx 25 posy 11
posx 26 posy 11
posx 26 posy 11
posx 26 posy 11
posx 26 posy 11
posx 26 posy 12
posx 26 posy 12
posx 26 posy 11
posx 26 posy 10
posx 26 posy 9
posx 26 posy 8
posx 26 posy 7
posx 26 posy 6
posx 26 posy 5
posx 26 posy 4
posx 26 posy 3
posx 26 posy 2
posx 26 posy 1
posx 26 posy 1
posx 26 posy 1
posx 25 posy 1
posx 24 posy 1
posx 23 posy 1
posx 22 posy 1
posx 21 posy 1
posx 20 posy 1
posx 19 posy 1
posx 18 posy 1
posx 17 posy 1
posx 16 posy 1
posx 15 posy 1
posx 14 posy 1
posx 13 posy 1
posx 12 posy 1
posx 11 posy 1
posx 10 posy 1
posx 9 posy 1
posx 8 posy 1
posx 7 posy 1
posx 6 posy 1
posx 5 posy 1
posx 4 posy 1
posx 3 posy 1
posx 2 posy 1
posx 1 posy 1
posx 1 posy 1
posx 1 posy 1
posx 1 posy 1
posx 1 posy 1
posx 1 posy 1
posx 1 posy 1
posx 1 posy 1
posx 1 posy 2
posx 2 posy 2
posx 3 posy 2
posx 4 posy 2
posx 5 posy 2
posx 6 posy 2
posx 7 posy 2
posx 8 posy 2
posx 9 posy 2
posx 10 posy 2
posx 11 posy 2
posx 12 posy 2
posx 13 posy 2
posx 14 posy 2
posx 15 posy 2
posx 16 posy 2
posx 17 posy 2
posx 18 posy 2
posx 19 posy 2
posx 20 posy 2
posx 21 posy 2
posx 22 posy 2
posx 23 posy 2
posx 24 posy 2
posx 25 posy 2
posx 26 posy 2
posx 26 posy 2
posx 26 posy 2
posx 26 posy 2
posx 26 posy 2
posx 26 posy 2
posx 26 posy 2
posx 26 posy 2
posx 26 posy 2
posx 26 posy 2
posx 26 posy 2
posx 26 posy 2
posx 26 posy 3
posx 26 posy 4
posx 26 posy 5
posx 26 posy 6
posx 26 posy 7
posx 25 posy 7
posx 24 posy 7
posx 23 posy 7
posx 22 posy 7
posx 21 posy 7
posx 22 posy 7
Hello 123
Hello encore
0
1
1
Hello 123
Hello encore
0
1
1
changeschangeschangesHello 123
Hello encore
0
1
1
changeschangeschangeschangeschangeschangeschangeschangeschangeschangeschangeschangeschangeschangeschangeschangeschangeschangeschangeschangeschangeschangeschangeschangeschangeschangeschangeschangeschangeschangeschangeschangeschangeschangeschangeschangeschangeschangeschangeschangeschangeschangeschangeschangeschangeschangeschangeschangeschangeschangeschangeschangeschangeschangeschangeschangeschangeschangeschangeschangeschangeschangeschangeschangeschangeschangeschangeschangeschangeschangeschangeschangeschangeschangeschangeschangeschangeschangeschangeschangesHello 123
Hello encore
0
1
1
0
1
2
3
4
4
4
4
4
4
4
4
4
4
4
4
Hello 123
Hello encore
0
0
0
1
1
Hello 123
Hello encore
0
1
1
5
1
2
2
Hello 123
Hello encore
0
1
1
1
2
3
3
Hello 123
Hello encore
0
0
sHello 123
Hello encore
0
0
nouvelle tuile
12455328
Hello 123
Hello encore
0
1
2
1
1
nouvelle tuile
12586412
1
2
3
Hello 123
Hello encore
0
0
nouvelle tuile
7409084
Hello 123
Hello encore
0
1
1
nouvelle tuile
203
1
1
2
3
2
1
0
1
2
3
4
5
4
3
2
1
0
0
1
2
3
4
5
5
4
3
2
1
2
3
4
4
nouvelle tuile
201
4
5
5
5
5
4
3
2
1
1
nouvelle tuile
188
1
2
3
3
4
4
nouvelle tuile
200
Hello 123
Hello encore
0
1
2
2
pos tuileHello 123
Hello encore
0
0
pos tuileposx 11 posy 10
0
0
Hello 123
Hello encore
0
1
1
pos tuileposx 1 posy 1
1
1
Hello 123
Hello encore
0
0
1
2
3
3
pos tuileposx 1 posy 1
3
4
4
Hello 123
Hello encore
0
1
1
pos tuileposx 1 posy 1
1
2
3
4
5
5
pos tuileposx 2 posy 1
